<?xml version="1.0" encoding="UTF-8"?>
<!-- Generated by org.testng.reporters.JUnitReportReporter -->
<testsuite hostname="LAPTOP-NRIGI41U" failures="0" tests="1" name="testCases.TC_004_SearchProductTest" time="4.956" errors="0" timestamp="2024-03-20T00:39:47 IST" skipped="0">
  <testcase classname="testCases.TC_004_SearchProductTest" name="verify_pruductSearch" time="4.956"/>
</testsuite> <!-- testCases.TC_004_SearchProductTest -->
