<?xml version="1.0" encoding="UTF-8"?>
<!-- Generated by org.testng.reporters.JUnitReportReporter -->
<testsuite hostname="LAPTOP-NRIGI41U" failures="0" tests="5" name="testCases.TC_003_LoginDDT" time="38.870" errors="0" timestamp="2024-03-19T00:29:20 IST" skipped="0">
  <testcase classname="testCases.TC_003_LoginDDT" name="verify_loginDDT" time="11.411"/>
  <testcase classname="testCases.TC_003_LoginDDT" name="verify_loginDDT" time="2.152"/>
  <testcase classname="testCases.TC_003_LoginDDT" name="verify_loginDDT" time="11.474"/>
  <testcase classname="testCases.TC_003_LoginDDT" name="verify_loginDDT" time="11.503"/>
  <testcase classname="testCases.TC_003_LoginDDT" name="verify_loginDDT" time="2.330"/>
</testsuite> <!-- testCases.TC_003_LoginDDT -->
