<?xml version="1.0" encoding="UTF-8"?>
<!-- Generated by org.testng.reporters.JUnitReportReporter -->
<testsuite hostname="LAPTOP-NRIGI41U" failures="0" tests="1" name="testCases.TC_005_AddToCartPageTest" time="4.570" errors="0" timestamp="2024-03-20T00:39:47 IST" skipped="0">
  <testcase classname="testCases.TC_005_AddToCartPageTest" name="verify_addToCart" time="4.570"/>
</testsuite> <!-- testCases.TC_005_AddToCartPageTest -->
