<?xml version="1.0" encoding="UTF-8"?>
<!-- Generated by org.testng.reporters.JUnitReportReporter -->
<testsuite hostname="LAPTOP-NRIGI41U" failures="0" tests="1" name="testCases.TC_002_LoginTest" time="1.937" errors="0" timestamp="2024-03-19T19:57:06 IST" skipped="0">
  <testcase classname="testCases.TC_002_LoginTest" name="verify_login" time="1.937"/>
</testsuite> <!-- testCases.TC_002_LoginTest -->
